0 info it worked if it ends with ok
1 verbose cli [ 'C:\\Program Files\\nodejs\\node.exe',
1 verbose cli   'C:\\Program Files\\nodejs\\node_modules\\npm\\bin\\npm-cli.js',
1 verbose cli   'start' ]
2 info using npm@3.10.8
3 info using node@v6.9.1
4 verbose run-script [ 'prestart', 'start', 'poststart' ]
5 info lifecycle angular2-typescript-webpack@1.3.0~prestart: angular2-typescript-webpack@1.3.0
6 silly lifecycle angular2-typescript-webpack@1.3.0~prestart: no script for prestart, continuing
7 info lifecycle angular2-typescript-webpack@1.3.0~start: angular2-typescript-webpack@1.3.0
8 verbose lifecycle angular2-typescript-webpack@1.3.0~start: unsafe-perm in lifecycle true
9 verbose lifecycle angular2-typescript-webpack@1.3.0~start: PATH: C:\Program Files\nodejs\node_modules\npm\bin\node-gyp-bin;C:\Users\dell-pc\books\node_modules\.bin;C:\Users\dell-pc\bin;C:\Program Files\Git\mingw64\bin;C:\Program Files\Git\usr\local\bin;C:\Program Files\Git\usr\bin;C:\Program Files\Git\usr\bin;C:\Program Files\Git\mingw64\bin;C:\Program Files\Git\usr\bin;C:\Users\dell-pc\bin;C:\ProgramData\Oracle\Java\javapath;C:\MinGW\bin;C:\MinGW\libexec\gcc\x86_64-pc-mingw32\6.1.0;C:\Program Files\Dell\DW WLAN Card;C:\WinAVR-20081205\bin;C:\WinAVR-20081205\utils\bin;C:\Program Files (x86)\Intel\iCLS Client;C:\Program Files\Intel\iCLS Client;C:\WINDOWS\system32;C:\WINDOWS;C:\WINDOWS\System32\Wbem;C:\WINDOWS\System32\WindowsPowerShell\v1.0;C:\Program Files\Intel\Intel(R) Management Engine Components\DAL;C:\Program Files\Intel\Intel(R) Management Engine Components\IPT;C:\Program Files (x86)\Intel\Intel(R) Management Engine Components\DAL;C:\Program Files (x86)\Intel\Intel(R) Management Engine Components\IPT;C:\Program Files\WIDCOMM\Bluetooth Software;C:\Program Files\WIDCOMM\Bluetooth Software\syswow64;C:\Program Files (x86)\Windows Live\Shared;C:\Program Files (x86)\Windows Kits\8.1\Windows Performance Toolkit;C:\Program Files\Microsoft SQL Server\110\Tools\Binn;C:\Program Files (x86)\Skype\Phone;C:\TDM-GCC-64\bin;C:\Program Files\nodejs;C:\Program Files\Git\cmd;C:\Program Files (x86)\Mentor Graphics\PADS\2004\Programs;C:\Users\dell-pc\AppData\Local\Microsoft\WindowsApps;C:\Users\dell-pc\AppData\Roaming\npm;C:\Program Files (x86)\Microsoft VS Code\bin;C:\Program Files\Git\usr\bin\vendor_perl;C:\Program Files\Git\usr\bin\core_perl
10 verbose lifecycle angular2-typescript-webpack@1.3.0~start: CWD: C:\Users\dell-pc\books
11 silly lifecycle angular2-typescript-webpack@1.3.0~start: Args: [ '/d /s /c', 'webpack-dev-server' ]
12 silly lifecycle angular2-typescript-webpack@1.3.0~start: Returned: code: 1  signal: null
13 info lifecycle angular2-typescript-webpack@1.3.0~start: Failed to exec start script
14 verbose stack Error: angular2-typescript-webpack@1.3.0 start: `webpack-dev-server`
14 verbose stack Exit status 1
14 verbose stack     at EventEmitter.<anonymous> (C:\Program Files\nodejs\node_modules\npm\lib\utils\lifecycle.js:255:16)
14 verbose stack     at emitTwo (events.js:106:13)
14 verbose stack     at EventEmitter.emit (events.js:191:7)
14 verbose stack     at ChildProcess.<anonymous> (C:\Program Files\nodejs\node_modules\npm\lib\utils\spawn.js:40:14)
14 verbose stack     at emitTwo (events.js:106:13)
14 verbose stack     at ChildProcess.emit (events.js:191:7)
14 verbose stack     at maybeClose (internal/child_process.js:877:16)
14 verbose stack     at Process.ChildProcess._handle.onexit (internal/child_process.js:226:5)
15 verbose pkgid angular2-typescript-webpack@1.3.0
16 verbose cwd C:\Users\dell-pc\books
17 error Windows_NT 10.0.14393
18 error argv "C:\\Program Files\\nodejs\\node.exe" "C:\\Program Files\\nodejs\\node_modules\\npm\\bin\\npm-cli.js" "start"
19 error node v6.9.1
20 error npm  v3.10.8
21 error code ELIFECYCLE
22 error angular2-typescript-webpack@1.3.0 start: `webpack-dev-server`
22 error Exit status 1
23 error Failed at the angular2-typescript-webpack@1.3.0 start script 'webpack-dev-server'.
23 error Make sure you have the latest version of node.js and npm installed.
23 error If you do, this is most likely a problem with the angular2-typescript-webpack package,
23 error not with npm itself.
23 error Tell the author that this fails on your system:
23 error     webpack-dev-server
23 error You can get information on how to open an issue for this project with:
23 error     npm bugs angular2-typescript-webpack
23 error Or if that isn't available, you can get their info via:
23 error     npm owner ls angular2-typescript-webpack
23 error There is likely additional logging output above.
24 verbose exit [ 1, true ]
